-------------------------------------------------------------------------------
Test set: com.api.calendar.CalendarApplicationTests
-------------------------------------------------------------------------------
Tests run: 1, Failures: 0, Errors: 1, Skipped: 0, Time elapsed: 2.311 s <<< FAILURE! - in com.api.calendar.CalendarApplicationTests
contextLoads  Time elapsed: 0.002 s  <<< ERROR!
java.lang.IllegalStateException: Failed to load ApplicationContext
Caused by: org.springframework.beans.factory.UnsatisfiedDependencyException: Error creating bean with name 'candidateCalendarService' defined in file [C:\Users\Croxblade\projects\calendar\calendar\target\classes\com\api\calendar\service\CandidateCalendarService.class]: Unsatisfied dependency expressed through constructor parameter 0; nested exception is org.springframework.beans.factory.NoSuchBeanDefinitionException: No qualifying bean of type 'com.api.calendar.repository.CandidateRepository' available: expected at least 1 bean which qualifies as autowire candidate. Dependency annotations: {}
Caused by: org.springframework.beans.factory.NoSuchBeanDefinitionException: No qualifying bean of type 'com.api.calendar.repository.CandidateRepository' available: expected at least 1 bean which qualifies as autowire candidate. Dependency annotations: {}

