<?xml version="1.0" encoding="UTF-8"?>
<testsuite xmlns:xsi="http://www.w3.org/2001/XMLSchema-instance" xsi:noNamespaceSchemaLocation="https://maven.apache.org/surefire/maven-surefire-plugin/xsd/surefire-test-report.xsd" name="com.api.calendar.security.BasicConfigurationIntegrationTest" time="9.981" tests="2" errors="2" skipped="0" failures="0">
  <properties>
[...]
</properties>
  <testcase name="whenLoggedUserRequestsHomePage_ThenSuccess" classname="com.api.calendar.security.BasicConfigurationIntegrationTest" time="0.343">
    <error type="java.lang.NullPointerException">java.lang.NullPointerException
	at com.api.calendar.security.BasicConfigurationIntegrationTest.whenLoggedUserRequestsHomePage_ThenSuccess(BasicConfigurationIntegrationTest.java:38)
</error>
    <system-out><![CDATA[16:45:30.784 [main] DEBUG org.springframework.test.context.BootstrapUtils - Instantiating CacheAwareContextLoaderDelegate from class [org.springframework.test.context.cache.DefaultCacheAwareContextLoaderDelegate]
16:45:30.808 [main] DEBUG org.springframework.test.context.BootstrapUtils - Instantiating BootstrapContext using constructor [public org.springframework.test.context.support.DefaultBootstrapContext(java.lang.Class,org.springframework.test.context.CacheAwareContextLoaderDelegate)]
16:45:30.864 [main] DEBUG org.springframework.test.context.BootstrapUtils - Instantiating TestContextBootstrapper for test class [com.api.calendar.security.BasicConfigurationIntegrationTest] from class [org.springframework.boot.test.context.SpringBootTestContextBootstrapper]
16:45:30.882 [main] INFO org.springframework.boot.test.context.SpringBootTestContextBootstrapper - Neither @ContextConfiguration nor @ContextHierarchy found for test class [com.api.calendar.security.BasicConfigurationIntegrationTest], using SpringBootContextLoader
16:45:30.888 [main] DEBUG org.springframework.test.context.support.AbstractContextLoader - Did not detect default resource location for test class [com.api.calendar.security.BasicConfigurationIntegrationTest]: class path resource [com/api/calendar/security/BasicConfigurationIntegrationTest-context.xml] does not exist
16:45:30.889 [main] DEBUG org.springframework.test.context.support.AbstractContextLoader - Did not detect default resource location for test class [com.api.calendar.security.BasicConfigurationIntegrationTest]: class path resource [com/api/calendar/security/BasicConfigurationIntegrationTestContext.groovy] does not exist
16:45:30.889 [main] INFO org.springframework.test.context.support.AbstractContextLoader - Could not detect default resource locations for test class [com.api.calendar.security.BasicConfigurationIntegrationTest]: no resource found for suffixes {-context.xml, Context.groovy}.
16:45:30.890 [main] INFO org.springframework.test.context.support.AnnotationConfigContextLoaderUtils - Could not detect default configuration classes for test class [com.api.calendar.security.BasicConfigurationIntegrationTest]: BasicConfigurationIntegrationTest does not declare any static, non-private, non-final, nested classes annotated with @Configuration.
16:45:30.967 [main] DEBUG org.springframework.test.context.support.ActiveProfilesUtils - Could not find an 'annotation declaring class' for annotation type [org.springframework.test.context.ActiveProfiles] and class [com.api.calendar.security.BasicConfigurationIntegrationTest]
16:45:31.076 [main] DEBUG org.springframework.context.annotation.ClassPathScanningCandidateComponentProvider - Identified candidate component class: file [C:\Users\Croxblade\projects\calendarChallenge\calendar\target\classes\com\api\calendar\CalendarApplication.class]
16:45:31.078 [main] INFO org.springframework.boot.test.context.SpringBootTestContextBootstrapper - Found @SpringBootConfiguration com.api.calendar.CalendarApplication for test class com.api.calendar.security.BasicConfigurationIntegrationTest
16:45:31.231 [main] DEBUG org.springframework.boot.test.context.SpringBootTestContextBootstrapper - @TestExecutionListeners is not present for class [com.api.calendar.security.BasicConfigurationIntegrationTest]: using defaults.
16:45:31.232 [main] INFO org.springframework.boot.test.context.SpringBootTestContextBootstrapper - Loaded default TestExecutionListener class names from location [META-INF/spring.factories]: [org.springframework.boot.test.mock.mockito.MockitoTestExecutionListener, org.springframework.boot.test.mock.mockito.ResetMocksTestExecutionListener, org.springframework.boot.test.autoconfigure.restdocs.RestDocsTestExecutionListener, org.springframework.boot.test.autoconfigure.web.client.MockRestServiceServerResetTestExecutionListener, org.springframework.boot.test.autoconfigure.web.servlet.MockMvcPrintOnlyOnFailureTestExecutionListener, org.springframework.boot.test.autoconfigure.web.servlet.WebDriverTestExecutionListener, org.springframework.boot.test.autoconfigure.webservices.client.MockWebServiceServerTestExecutionListener, org.springframework.test.context.web.ServletTestExecutionListener, org.springframework.test.context.support.DirtiesContextBeforeModesTestExecutionListener, org.springframework.test.context.event.ApplicationEventsTestExecutionListener, org.springframework.test.context.support.DependencyInjectionTestExecutionListener, org.springframework.test.context.support.DirtiesContextTestExecutionListener, org.springframework.test.context.transaction.TransactionalTestExecutionListener, org.springframework.test.context.jdbc.SqlScriptsTestExecutionListener, org.springframework.test.context.event.EventPublishingTestExecutionListener, org.springframework.security.test.context.support.WithSecurityContextTestExecutionListener, org.springframework.security.test.context.support.ReactorContextTestExecutionListener]
16:45:31.263 [main] INFO org.springframework.boot.test.context.SpringBootTestContextBootstrapper - Using TestExecutionListeners: [org.springframework.test.context.web.ServletTestExecutionListener@41709512, org.springframework.test.context.support.DirtiesContextBeforeModesTestExecutionListener@42039326, org.springframework.test.context.event.ApplicationEventsTestExecutionListener@33308786, org.springframework.boot.test.mock.mockito.MockitoTestExecutionListener@4f9a2c08, org.springframework.boot.test.autoconfigure.SpringBootDependencyInjectionTestExecutionListener@a87f8ec, org.springframework.test.context.support.DirtiesContextTestExecutionListener@5443d039, org.springframework.test.context.transaction.TransactionalTestExecutionListener@63787180, org.springframework.test.context.jdbc.SqlScriptsTestExecutionListener@7d1cfb8b, org.springframework.test.context.event.EventPublishingTestExecutionListener@48e92c5c, org.springframework.security.test.context.support.WithSecurityContextTestExecutionListener@2e1ef60, org.springframework.security.test.context.support.ReactorContextTestExecutionListener@22356acd, org.springframework.boot.test.mock.mockito.ResetMocksTestExecutionListener@386f0da3, org.springframework.boot.test.autoconfigure.restdocs.RestDocsTestExecutionListener@39655d3e, org.springframework.boot.test.autoconfigure.web.client.MockRestServiceServerResetTestExecutionListener@34f22f9d, org.springframework.boot.test.autoconfigure.web.servlet.MockMvcPrintOnlyOnFailureTestExecutionListener@3d1848cc, org.springframework.boot.test.autoconfigure.web.servlet.WebDriverTestExecutionListener@7dda48d9, org.springframework.boot.test.autoconfigure.webservices.client.MockWebServiceServerTestExecutionListener@6e4566f1]
16:45:31.271 [main] DEBUG org.springframework.test.context.support.AbstractDirtiesContextTestExecutionListener - Before test class: context [DefaultTestContext@2dcd168a testClass = BasicConfigurationIntegrationTest, testInstance = [null], testMethod = [null], testException = [null], mergedContextConfiguration = [WebMergedContextConfiguration@388526fb testClass = BasicConfigurationIntegrationTest, locations = '{}', classes = '{class com.api.calendar.CalendarApplication}', contextInitializerClasses = '[]', activeProfiles = '{}', propertySourceLocations = '{}', propertySourceProperties = '{org.springframework.boot.test.context.SpringBootTestContextBootstrapper=true, server.port=0}', contextCustomizers = set[org.springframework.boot.test.context.filter.ExcludeFilterContextCustomizer@66f57048, org.springframework.boot.test.json.DuplicateJsonObjectContextCustomizerFactory$DuplicateJsonObjectContextCustomizer@36916eb0, org.springframework.boot.test.mock.mockito.MockitoContextCustomizer@0, org.springframework.boot.test.web.client.TestRestTemplateContextCustomizer@55634720, org.springframework.boot.test.web.reactive.server.WebTestClientContextCustomizer@b9b00e0, org.springframework.boot.test.autoconfigure.actuate.metrics.MetricsExportContextCustomizerFactory$DisableMetricExportContextCustomizer@273e7444, org.springframework.boot.test.autoconfigure.properties.PropertyMappingContextCustomizer@0, org.springframework.boot.test.autoconfigure.web.servlet.WebDriverContextCustomizerFactory$Customizer@18df8434, org.springframework.boot.test.context.SpringBootTestArgs@1, org.springframework.boot.test.context.SpringBootTestWebEnvironment@47db50c5], resourceBasePath = 'src/main/webapp', contextLoader = 'org.springframework.boot.test.context.SpringBootContextLoader', parent = [null]], attributes = map['org.springframework.test.context.web.ServletTestExecutionListener.activateListener' -> false]], class annotated with @DirtiesContext [false] with mode [null].
16:45:31.289 [main] DEBUG org.springframework.test.context.support.DependencyInjectionTestExecutionListener - Performing dependency injection for test context [[DefaultTestContext@2dcd168a testClass = BasicConfigurationIntegrationTest, testInstance = com.api.calendar.security.BasicConfigurationIntegrationTest@1941a8ff, testMethod = [null], testException = [null], mergedContextConfiguration = [WebMergedContextConfiguration@388526fb testClass = BasicConfigurationIntegrationTest, locations = '{}', classes = '{class com.api.calendar.CalendarApplication}', contextInitializerClasses = '[]', activeProfiles = '{}', propertySourceLocations = '{}', propertySourceProperties = '{org.springframework.boot.test.context.SpringBootTestContextBootstrapper=true, server.port=0}', contextCustomizers = set[org.springframework.boot.test.context.filter.ExcludeFilterContextCustomizer@66f57048, org.springframework.boot.test.json.DuplicateJsonObjectContextCustomizerFactory$DuplicateJsonObjectContextCustomizer@36916eb0, org.springframework.boot.test.mock.mockito.MockitoContextCustomizer@0, org.springframework.boot.test.web.client.TestRestTemplateContextCustomizer@55634720, org.springframework.boot.test.web.reactive.server.WebTestClientContextCustomizer@b9b00e0, org.springframework.boot.test.autoconfigure.actuate.metrics.MetricsExportContextCustomizerFactory$DisableMetricExportContextCustomizer@273e7444, org.springframework.boot.test.autoconfigure.properties.PropertyMappingContextCustomizer@0, org.springframework.boot.test.autoconfigure.web.servlet.WebDriverContextCustomizerFactory$Customizer@18df8434, org.springframework.boot.test.context.SpringBootTestArgs@1, org.springframework.boot.test.context.SpringBootTestWebEnvironment@47db50c5], resourceBasePath = 'src/main/webapp', contextLoader = 'org.springframework.boot.test.context.SpringBootContextLoader', parent = [null]], attributes = map['org.springframework.test.context.web.ServletTestExecutionListener.activateListener' -> false, 'org.springframework.test.context.event.ApplicationEventsTestExecutionListener.recordApplicationEvents' -> false]]].
16:45:31.327 [main] DEBUG org.springframework.test.context.support.TestPropertySourceUtils - Adding inlined properties to environment: {spring.jmx.enabled=false, org.springframework.boot.test.context.SpringBootTestContextBootstrapper=true, server.port=0}

  .   ____          _            __ _ _
 /\\ / ___'_ __ _ _(_)_ __  __ _ \ \ \ \
( ( )\___ | '_ | '_| | '_ \/ _` | \ \ \ \
 \\/  ___)| |_)| | | | | || (_| |  ) ) ) )
  '  |____| .__|_| |_|_| |_\__, | / / / /
 =========|_|==============|___/=/_/_/_/
 :: Spring Boot ::                (v2.5.2)

2021-07-17 16:45:32.663  INFO 15060 --- [           main] .a.c.s.BasicConfigurationIntegrationTest : Starting BasicConfigurationIntegrationTest using Java 14.0.2 on DESKTOP-9LKIB6R with PID 15060 (started by Croxblade in C:\Users\Croxblade\projects\calendarChallenge\calendar)
2021-07-17 16:45:32.664  INFO 15060 --- [           main] .a.c.s.BasicConfigurationIntegrationTest : The following profiles are active: local
2021-07-17 16:45:33.745  INFO 15060 --- [           main] .s.d.r.c.RepositoryConfigurationDelegate : Bootstrapping Spring Data JPA repositories in DEFAULT mode.
2021-07-17 16:45:33.995  INFO 15060 --- [           main] .s.d.r.c.RepositoryConfigurationDelegate : Finished Spring Data repository scanning in 235 ms. Found 2 JPA repository interfaces.
2021-07-17 16:45:35.417  INFO 15060 --- [           main] o.s.b.w.embedded.tomcat.TomcatWebServer  : Tomcat initialized with port(s): 0 (http)
2021-07-17 16:45:35.429  INFO 15060 --- [           main] o.apache.catalina.core.StandardService   : Starting service [Tomcat]
2021-07-17 16:45:35.430  INFO 15060 --- [           main] org.apache.catalina.core.StandardEngine  : Starting Servlet engine: [Apache Tomcat/9.0.48]
2021-07-17 16:45:35.583  INFO 15060 --- [           main] o.a.c.c.C.[Tomcat].[localhost].[/]       : Initializing Spring embedded WebApplicationContext
2021-07-17 16:45:35.584  INFO 15060 --- [           main] w.s.c.ServletWebServerApplicationContext : Root WebApplicationContext: initialization completed in 2875 ms
2021-07-17 16:45:36.057  INFO 15060 --- [           main] com.zaxxer.hikari.HikariDataSource       : HikariPool-1 - Starting...
2021-07-17 16:45:36.365  INFO 15060 --- [           main] com.zaxxer.hikari.HikariDataSource       : HikariPool-1 - Start completed.
2021-07-17 16:45:36.470  INFO 15060 --- [           main] o.hibernate.jpa.internal.util.LogHelper  : HHH000204: Processing PersistenceUnitInfo [name: default]
2021-07-17 16:45:36.590  INFO 15060 --- [           main] org.hibernate.Version                    : HHH000412: Hibernate ORM core version 5.5.3.Final
2021-07-17 16:45:36.859  INFO 15060 --- [           main] o.hibernate.annotations.common.Version   : HCANN000001: Hibernate Commons Annotations {5.1.2.Final}
2021-07-17 16:45:37.127  INFO 15060 --- [           main] org.hibernate.dialect.Dialect            : HHH000400: Using dialect: org.hibernate.dialect.H2Dialect
2021-07-17 16:45:37.627  INFO 15060 --- [           main] org.hibernate.tuple.PojoInstantiator     : HHH000182: No default (no-argument) constructor for class: com.api.calendar.entity.UserDb (class must be instantiated by Interceptor)
2021-07-17 16:45:37.856  INFO 15060 --- [           main] org.hibernate.tuple.PojoInstantiator     : HHH000182: No default (no-argument) constructor for class: com.api.calendar.entity.CalendarDb (class must be instantiated by Interceptor)
2021-07-17 16:45:38.017  INFO 15060 --- [           main] o.h.e.t.j.p.i.JtaPlatformInitiator       : HHH000490: Using JtaPlatform implementation: [org.hibernate.engine.transaction.jta.platform.internal.NoJtaPlatform]
2021-07-17 16:45:38.028  INFO 15060 --- [           main] j.LocalContainerEntityManagerFactoryBean : Initialized JPA EntityManagerFactory for persistence unit 'default'
2021-07-17 16:45:38.832  WARN 15060 --- [           main] JpaBaseConfiguration$JpaWebConfiguration : spring.jpa.open-in-view is enabled by default. Therefore, database queries may be performed during view rendering. Explicitly configure spring.jpa.open-in-view to disable this warning
2021-07-17 16:45:40.302  INFO 15060 --- [           main] o.s.b.w.embedded.tomcat.TomcatWebServer  : Tomcat started on port(s): 50481 (http) with context path ''
2021-07-17 16:45:40.314  INFO 15060 --- [           main] .a.c.s.BasicConfigurationIntegrationTest : Started BasicConfigurationIntegrationTest in 8.985 seconds (JVM running for 10.346)
]]></system-out>
  </testcase>
  <testcase name="whenUserWithWrongCredentials_thenUnauthorizedPage" classname="com.api.calendar.security.BasicConfigurationIntegrationTest" time="0.01">
    <error type="java.lang.NullPointerException">java.lang.NullPointerException
	at com.api.calendar.security.BasicConfigurationIntegrationTest.whenUserWithWrongCredentials_thenUnauthorizedPage(BasicConfigurationIntegrationTest.java:50)
</error>
  </testcase>
</testsuite>